<?xml version="1.0" encoding="UTF-8"?>
<testng-results ignored="0" total="4" passed="3" failed="1" skipped="0">
  <reporter-output>
    <line>
      <![CDATA[This method is failed and taken Screenshot :createUserManagerTC]]>
    </line>
  </reporter-output>
  <suite started-at="2024-03-20T14:46:50Z" name="Suite" finished-at="2024-03-20T14:49:16Z" duration-ms="145702">
    <groups>
    </groups>
    <test started-at="2024-03-20T14:46:50Z" name="Test" finished-at="2024-03-20T14:49:16Z" duration-ms="145702">
      <class name="testPackage.CreateNewCustomerAndProject">
        <test-method is-config="true" signature="setUp()[pri:0, instance:testPackage.CreateNewCustomerAndProject@26ceffa8]" started-at="2024-03-20T14:48:42Z" name="setUp" finished-at="2024-03-20T14:48:46Z" duration-ms="3483" status="PASS">
          <reporter-output>
          </reporter-output>
        </test-method> <!-- setUp -->
        <test-method signature="createNewCustomerAndProjectTC()[pri:0, instance:testPackage.CreateNewCustomerAndProject@26ceffa8]" started-at="2024-03-20T14:48:46Z" name="createNewCustomerAndProjectTC" finished-at="2024-03-20T14:49:16Z" duration-ms="30384" status="PASS">
          <reporter-output>
          </reporter-output>
        </test-method> <!-- createNewCustomerAndProjectTC -->
        <test-method is-config="true" signature="tearDown()[pri:0, instance:testPackage.CreateNewCustomerAndProject@26ceffa8]" started-at="2024-03-20T14:49:16Z" name="tearDown" finished-at="2024-03-20T14:49:16Z" duration-ms="168" status="PASS">
          <reporter-output>
          </reporter-output>
        </test-method> <!-- tearDown -->
      </class> <!-- testPackage.CreateNewCustomerAndProject -->
      <class name="testPackage.ValideLogin">
        <test-method is-config="true" signature="setUp()[pri:0, instance:testPackage.ValideLogin@15713d56]" started-at="2024-03-20T14:47:37Z" name="setUp" finished-at="2024-03-20T14:47:42Z" duration-ms="5079" status="PASS">
          <reporter-output>
          </reporter-output>
        </test-method> <!-- setUp -->
        <test-method signature="loginTestCase()[pri:0, instance:testPackage.ValideLogin@15713d56]" started-at="2024-03-20T14:47:42Z" name="loginTestCase" finished-at="2024-03-20T14:48:00Z" duration-ms="18678" status="PASS">
          <reporter-output>
          </reporter-output>
        </test-method> <!-- loginTestCase -->
        <test-method is-config="true" signature="tearDown()[pri:0, instance:testPackage.ValideLogin@15713d56]" started-at="2024-03-20T14:48:00Z" name="tearDown" finished-at="2024-03-20T14:48:01Z" duration-ms="169" status="PASS">
          <reporter-output>
          </reporter-output>
        </test-method> <!-- tearDown -->
      </class> <!-- testPackage.ValideLogin -->
      <class name="testPackage.InvalidLogin">
        <test-method is-config="true" signature="setUp()[pri:0, instance:testPackage.InvalidLogin@6cc558c6]" started-at="2024-03-20T14:46:50Z" name="setUp" finished-at="2024-03-20T14:46:56Z" duration-ms="5202" status="PASS">
          <reporter-output>
          </reporter-output>
        </test-method> <!-- setUp -->
        <test-method signature="invalidTC()[pri:0, instance:testPackage.InvalidLogin@6cc558c6]" started-at="2024-03-20T14:46:56Z" name="invalidTC" finished-at="2024-03-20T14:47:36Z" duration-ms="40808" status="PASS">
          <reporter-output>
          </reporter-output>
        </test-method> <!-- invalidTC -->
        <test-method is-config="true" signature="tearDown()[pri:0, instance:testPackage.InvalidLogin@6cc558c6]" started-at="2024-03-20T14:47:36Z" name="tearDown" finished-at="2024-03-20T14:47:37Z" duration-ms="158" status="PASS">
          <reporter-output>
          </reporter-output>
        </test-method> <!-- tearDown -->
      </class> <!-- testPackage.InvalidLogin -->
      <class name="testPackage.CreateUserManager">
        <test-method is-config="true" signature="setUp()[pri:0, instance:testPackage.CreateUserManager@63f259c3]" started-at="2024-03-20T14:48:01Z" name="setUp" finished-at="2024-03-20T14:48:04Z" duration-ms="3216" status="PASS">
          <reporter-output>
          </reporter-output>
        </test-method> <!-- setUp -->
        <test-method signature="createUserManagerTC()[pri:0, instance:testPackage.CreateUserManager@63f259c3]" started-at="2024-03-20T14:48:04Z" name="createUserManagerTC" finished-at="2024-03-20T14:48:41Z" duration-ms="37589" status="FAIL">
          <exception class="org.openqa.selenium.NoSuchElementException">
            <message>
              <![CDATA[no such element: Unable to locate element: {"method":"css selector","selector":"#right7"}
  (Session info: chrome=122.0.6261.129)
For documentation on this error, please visit: https://www.selenium.dev/documentation/webdriver/troubleshooting/errors#no-such-element-exception
Build info: version: '4.15.0', revision: '1d14b5521b'
System info: os.name: 'Windows 10', os.arch: 'amd64', os.version: '10.0', java.version: '17.0.9'
Driver info: org.openqa.selenium.chrome.ChromeDriver
Command: [397b0da761c520c55b35891c9f519051, findElement {using=id, value=right7}]
Capabilities {acceptInsecureCerts: false, browserName: chrome, browserVersion: 122.0.6261.129, chrome: {chromedriverVersion: 122.0.6261.128 (f18a44fedeb..., userDataDir: C:\Users\OM\AppData\Local\T...}, fedcm:accounts: true, goog:chromeOptions: {debuggerAddress: localhost:53665}, networkConnectionEnabled: false, pageLoadStrategy: normal, platformName: windows, proxy: Proxy(), se:cdp: ws://localhost:53665/devtoo..., se:cdpVersion: 122.0.6261.129, setWindowRect: true, strictFileInteractability: false, timeouts: {implicit: 0, pageLoad: 300000, script: 30000}, unhandledPromptBehavior: dismiss and notify, webauthn:extension:credBlob: true, webauthn:extension:largeBlob: true, webauthn:extension:minPinLength: true, webauthn:extension:prf: true, webauthn:virtualAuthenticators: true}
Session ID: 397b0da761c520c55b35891c9f519051]]>
            </message>
            <full-stacktrace>
              <![CDATA[org.openqa.selenium.NoSuchElementException: no such element: Unable to locate element: {"method":"css selector","selector":"#right7"}
  (Session info: chrome=122.0.6261.129)
For documentation on this error, please visit: https://www.selenium.dev/documentation/webdriver/troubleshooting/errors#no-such-element-exception
Build info: version: '4.15.0', revision: '1d14b5521b'
System info: os.name: 'Windows 10', os.arch: 'amd64', os.version: '10.0', java.version: '17.0.9'
Driver info: org.openqa.selenium.chrome.ChromeDriver
Command: [397b0da761c520c55b35891c9f519051, findElement {using=id, value=right7}]
Capabilities {acceptInsecureCerts: false, browserName: chrome, browserVersion: 122.0.6261.129, chrome: {chromedriverVersion: 122.0.6261.128 (f18a44fedeb..., userDataDir: C:\Users\OM\AppData\Local\T...}, fedcm:accounts: true, goog:chromeOptions: {debuggerAddress: localhost:53665}, networkConnectionEnabled: false, pageLoadStrategy: normal, platformName: windows, proxy: Proxy(), se:cdp: ws://localhost:53665/devtoo..., se:cdpVersion: 122.0.6261.129, setWindowRect: true, strictFileInteractability: false, timeouts: {implicit: 0, pageLoad: 300000, script: 30000}, unhandledPromptBehavior: dismiss and notify, webauthn:extension:credBlob: true, webauthn:extension:largeBlob: true, webauthn:extension:minPinLength: true, webauthn:extension:prf: true, webauthn:virtualAuthenticators: true}
Session ID: 397b0da761c520c55b35891c9f519051
at java.base/jdk.internal.reflect.NativeConstructorAccessorImpl.newInstance0(Native Method)
at java.base/jdk.internal.reflect.NativeConstructorAccessorImpl.newInstance(NativeConstructorAccessorImpl.java:77)
at java.base/jdk.internal.reflect.DelegatingConstructorAccessorImpl.newInstance(DelegatingConstructorAccessorImpl.java:45)
at java.base/java.lang.reflect.Constructor.newInstanceWithCaller(Constructor.java:499)
at java.base/java.lang.reflect.Constructor.newInstance(Constructor.java:480)
at org.openqa.selenium.remote.codec.w3c.W3CHttpResponseCodec.createException(W3CHttpResponseCodec.java:200)
at org.openqa.selenium.remote.codec.w3c.W3CHttpResponseCodec.decode(W3CHttpResponseCodec.java:133)
at org.openqa.selenium.remote.codec.w3c.W3CHttpResponseCodec.decode(W3CHttpResponseCodec.java:52)
at org.openqa.selenium.remote.HttpCommandExecutor.execute(HttpCommandExecutor.java:191)
at org.openqa.selenium.remote.service.DriverCommandExecutor.invokeExecute(DriverCommandExecutor.java:200)
at org.openqa.selenium.remote.service.DriverCommandExecutor.execute(DriverCommandExecutor.java:175)
at org.openqa.selenium.remote.RemoteWebDriver.execute(RemoteWebDriver.java:607)
at org.openqa.selenium.remote.ElementLocation$ElementFinder$2.findElement(ElementLocation.java:165)
at org.openqa.selenium.remote.ElementLocation.findElement(ElementLocation.java:59)
at org.openqa.selenium.remote.RemoteWebDriver.findElement(RemoteWebDriver.java:364)
at org.openqa.selenium.remote.RemoteWebDriver.findElement(RemoteWebDriver.java:358)
at org.openqa.selenium.support.pagefactory.DefaultElementLocator.findElement(DefaultElementLocator.java:68)
at org.openqa.selenium.support.pagefactory.internal.LocatingElementHandler.invoke(LocatingElementHandler.java:38)
at jdk.proxy2/jdk.proxy2.$Proxy14.click(Unknown Source)
at pagePackage.UserPage.createNewUserMethods(UserPage.java:110)
at testPackage.CreateUserManager.createUserManagerTC(CreateUserManager.java:42)
at java.base/jdk.internal.reflect.NativeMethodAccessorImpl.invoke0(Native Method)
at java.base/jdk.internal.reflect.NativeMethodAccessorImpl.invoke(NativeMethodAccessorImpl.java:77)
at java.base/jdk.internal.reflect.DelegatingMethodAccessorImpl.invoke(DelegatingMethodAccessorImpl.java:43)
at java.base/java.lang.reflect.Method.invoke(Method.java:568)
at org.testng.internal.MethodInvocationHelper.invokeMethod(MethodInvocationHelper.java:124)
at org.testng.internal.Invoker.invokeMethod(Invoker.java:583)
at org.testng.internal.Invoker.invokeTestMethod(Invoker.java:719)
at org.testng.internal.Invoker.invokeTestMethods(Invoker.java:989)
at org.testng.internal.TestMethodWorker.invokeTestMethods(TestMethodWorker.java:125)
at org.testng.internal.TestMethodWorker.run(TestMethodWorker.java:109)
at org.testng.TestRunner.privateRun(TestRunner.java:648)
at org.testng.TestRunner.run(TestRunner.java:505)
at org.testng.SuiteRunner.runTest(SuiteRunner.java:455)
at org.testng.SuiteRunner.runSequentially(SuiteRunner.java:450)
at org.testng.SuiteRunner.privateRun(SuiteRunner.java:415)
at org.testng.SuiteRunner.run(SuiteRunner.java:364)
at org.testng.SuiteRunnerWorker.runSuite(SuiteRunnerWorker.java:52)
at org.testng.SuiteRunnerWorker.run(SuiteRunnerWorker.java:84)
at org.testng.TestNG.runSuitesSequentially(TestNG.java:1208)
at org.testng.TestNG.runSuitesLocally(TestNG.java:1137)
at org.testng.TestNG.runSuites(TestNG.java:1049)
at org.testng.TestNG.run(TestNG.java:1017)
at org.testng.remote.AbstractRemoteTestNG.run(AbstractRemoteTestNG.java:115)
at org.testng.remote.RemoteTestNG.initAndRun(RemoteTestNG.java:251)
at org.testng.remote.RemoteTestNG.main(RemoteTestNG.java:77)
]]>
            </full-stacktrace>
          </exception> <!-- org.openqa.selenium.NoSuchElementException -->
          <reporter-output>
            <line>
              <![CDATA[This method is failed and taken Screenshot :createUserManagerTC]]>
            </line>
          </reporter-output>
        </test-method> <!-- createUserManagerTC -->
        <test-method is-config="true" signature="tearDown()[pri:0, instance:testPackage.CreateUserManager@63f259c3]" started-at="2024-03-20T14:48:42Z" name="tearDown" finished-at="2024-03-20T14:48:42Z" duration-ms="415" status="PASS">
          <reporter-output>
          </reporter-output>
        </test-method> <!-- tearDown -->
      </class> <!-- testPackage.CreateUserManager -->
    </test> <!-- Test -->
  </suite> <!-- Suite -->
</testng-results>
