<?xml version="1.0" encoding="UTF-8"?>
<!-- Generated by org.testng.reporters.JUnitXMLReporter -->
<testsuite ignored="1" hostname="Sonali" failures="0" tests="2" name="Test" time="24.892" errors="0" timestamp="15 Mar 2024 14:08:40 GMT">
  <testcase classname="testNGExecution.Remo" name="remo" time="14.651"/>
  <testcase classname="testNGExecution.Demo" name="demo" time="10.164"/>
  <testcase classname="testNGExecution.Semo" name="semo" time="0.0">
    <ignored/>
  </testcase> <!-- semo -->
</testsuite> <!-- Test -->
