<?xml version="1.0" encoding="UTF-8"?>
<testng-results ignored="0" total="3" passed="3" failed="0" skipped="0">
  <reporter-output>
  </reporter-output>
  <suite started-at="2024-03-13T14:40:59Z" name="Suite" finished-at="2024-03-13T14:41:59Z" duration-ms="60433">
    <groups>
    </groups>
    <test started-at="2024-03-13T14:40:59Z" name="Test" finished-at="2024-03-13T14:41:59Z" duration-ms="60433">
      <class name="testNGExecution.Demo">
        <test-method signature="demo()[pri:0, instance:testNGExecution.Demo@6c4980d3]" started-at="2024-03-13T14:41:33Z" name="demo" finished-at="2024-03-13T14:41:46Z" duration-ms="13464" status="PASS">
          <reporter-output>
          </reporter-output>
        </test-method> <!-- demo -->
      </class> <!-- testNGExecution.Demo -->
      <class name="testNGExecution.Remo">
        <test-method signature="remo()[pri:0, instance:testNGExecution.Remo@65b104b9]" started-at="2024-03-13T14:40:59Z" name="remo" finished-at="2024-03-13T14:41:33Z" duration-ms="34162" status="PASS">
          <reporter-output>
          </reporter-output>
        </test-method> <!-- remo -->
      </class> <!-- testNGExecution.Remo -->
      <class name="testNGExecution.Semo">
        <test-method signature="semo()[pri:0, instance:testNGExecution.Semo@327bcebd]" started-at="2024-03-13T14:41:46Z" name="semo" finished-at="2024-03-13T14:41:59Z" duration-ms="12728" status="PASS">
          <reporter-output>
          </reporter-output>
        </test-method> <!-- semo -->
      </class> <!-- testNGExecution.Semo -->
    </test> <!-- Test -->
  </suite> <!-- Suite -->
</testng-results>
